<?xml version="1.0" encoding="UTF-8"?>
<!-- Generated by org.testng.reporters.JUnitXMLReporter -->
<testsuite hostname="HP-New" ignored="0" name="Test" tests="1" failures="1" timestamp="2020-05-18T15:47:50 IST" time="73.681" errors="0">
  <testcase name="runScenario" time="73.053" classname="io.cucumber.testng.AbstractTestNGCucumberTests">
    <failure type="java.lang.AssertionError" message="expected [Online Shopping site in India: Shop Online for Mobiles, Books, Watches, Shoes and More - Amazon.in] but found [Authentication required]">
      <![CDATA[java.lang.AssertionError: expected [Online Shopping site in India: Shop Online for Mobiles, Books, Watches, Shoes and More - Amazon.in] but found [Authentication required]
at webApplication.testingFramework.common.assertions.assertEqualValue(assertions.java:16)
at stepDefinitions.Login.verifyTitle(Login.java:82)
at âœ½.verify title of page(file:///G:/eclipse-workspace/TestingFramework/src/test/java/features/Login.feature:11)
... Removed 5 stack frames]]>
    </failure>
  </testcase> <!-- runScenario -->
</testsuite> <!-- Test -->
