<?xml version="1.0" encoding="UTF-8"?>
<testng-results skipped="0" failed="1" ignored="0" total="1" passed="0">
  <reporter-output>
  </reporter-output>
  <suite name="Suite" duration-ms="73681" started-at="2020-05-18T15:46:36 IST" finished-at="2020-05-18T15:47:50 IST">
    <groups>
      <group name="cucumber">
        <method signature="AbstractTestNGCucumberTests.runScenario(io.cucumber.testng.PickleWrapper, io.cucumber.testng.FeatureWrapper)[pri:0, instance:runner.TestRunner@701fc37a]" name="runScenario" class="io.cucumber.testng.AbstractTestNGCucumberTests"/>
      </group> <!-- cucumber -->
    </groups>
    <test name="Test" duration-ms="73681" started-at="2020-05-18T15:46:36 IST" finished-at="2020-05-18T15:47:50 IST">
      <class name="webApplication.testingFramework.common.baseFunctions">
        <test-method status="PASS" signature="openBrowser()[pri:0, instance:webApplication.testingFramework.common.baseFunctions@365c30cc]" name="openBrowser" is-config="true" duration-ms="7201" started-at="2020-05-18T15:46:29 IST" finished-at="2020-05-18T15:46:36 IST">
          <reporter-output>
          </reporter-output>
        </test-method> <!-- openBrowser -->
        <test-method status="PASS" signature="closeBrowser()[pri:0, instance:webApplication.testingFramework.common.baseFunctions@365c30cc]" name="closeBrowser" is-config="true" duration-ms="2097" started-at="2020-05-18T15:47:50 IST" finished-at="2020-05-18T15:47:52 IST">
          <reporter-output>
          </reporter-output>
        </test-method> <!-- closeBrowser -->
      </class> <!-- webApplication.testingFramework.common.baseFunctions -->
      <class name="runner.TestRunner">
        <test-method status="PASS" signature="setUpClass()[pri:0, instance:runner.TestRunner@701fc37a]" name="setUpClass" is-config="true" duration-ms="449" started-at="2020-05-18T15:46:36 IST" finished-at="2020-05-18T15:46:37 IST">
          <reporter-output>
          </reporter-output>
        </test-method> <!-- setUpClass -->
        <test-method status="FAIL" signature="runScenario(io.cucumber.testng.PickleWrapper, io.cucumber.testng.FeatureWrapper)[pri:0, instance:runner.TestRunner@701fc37a]" name="runScenario" duration-ms="73053" started-at="2020-05-18T15:46:37 IST" description="Runs Cucumber Scenarios" data-provider="scenarios" finished-at="2020-05-18T15:47:50 IST">
          <params>
            <param index="0">
              <value>
                <![CDATA["To validate Login functionality"]]>
              </value>
            </param>
            <param index="1">
              <value>
                <![CDATA["To test first Testing Framework"]]>
              </value>
            </param>
          </params>
          <exception class="java.lang.AssertionError">
            <message>
              <![CDATA[expected [Online Shopping site in India: Shop Online for Mobiles, Books, Watches, Shoes and More - Amazon.in] but found [Authentication required]]]>
            </message>
            <full-stacktrace>
              <![CDATA[java.lang.AssertionError: expected [Online Shopping site in India: Shop Online for Mobiles, Books, Watches, Shoes and More - Amazon.in] but found [Authentication required]
at org.testng.Assert.fail(Assert.java:97)
at org.testng.Assert.assertEqualsImpl(Assert.java:136)
at org.testng.Assert.assertEquals(Assert.java:118)
at org.testng.Assert.assertEquals(Assert.java:575)
at org.testng.Assert.assertEquals(Assert.java:585)
at webApplication.testingFramework.common.assertions.assertEqualValue(assertions.java:16)
at stepDefinitions.Login.verifyTitle(Login.java:82)
at âœ½.verify title of page(file:///G:/eclipse-workspace/TestingFramework/src/test/java/features/Login.feature:11)
]]>
            </full-stacktrace>
          </exception> <!-- java.lang.AssertionError -->
          <reporter-output>
          </reporter-output>
        </test-method> <!-- runScenario -->
        <test-method status="PASS" signature="tearDownClass()[pri:0, instance:runner.TestRunner@701fc37a]" name="tearDownClass" is-config="true" duration-ms="116" started-at="2020-05-18T15:47:50 IST" finished-at="2020-05-18T15:47:50 IST">
          <reporter-output>
          </reporter-output>
        </test-method> <!-- tearDownClass -->
      </class> <!-- runner.TestRunner -->
    </test> <!-- Test -->
  </suite> <!-- Suite -->
</testng-results>
